<?xml version="1.0" encoding="UTF-8"?>
<testsuite xmlns:xsi="http://www.w3.org/2001/XMLSchema-instance" xsi:noNamespaceSchemaLocation="https://maven.apache.org/surefire/maven-surefire-plugin/xsd/surefire-test-report.xsd" name="TestSuite" time="639.127" tests="90" errors="0" skipped="0" failures="0">
  <properties>
    <property name="java.runtime.name" value="Java(TM) SE Runtime Environment"/>
    <property name="sun.boot.library.path" value="D:\Java\jdk1.8.0_101\jre\bin"/>
    <property name="java.vm.version" value="25.101-b13"/>
    <property name="java.vm.vendor" value="Oracle Corporation"/>
    <property name="maven.multiModuleProjectDirectory" value="D:\eclipse-workspace\dianqingOA"/>
    <property name="java.vendor.url" value="http://java.oracle.com/"/>
    <property name="path.separator" value=";"/>
    <property name="guice.disable.misplaced.annotation.check" value="true"/>
    <property name="java.vm.name" value="Java HotSpot(TM) 64-Bit Server VM"/>
    <property name="file.encoding.pkg" value="sun.io"/>
    <property name="user.script" value=""/>
    <property name="user.country" value="CN"/>
    <property name="sun.java.launcher" value="SUN_STANDARD"/>
    <property name="sun.os.patch.level" value=""/>
    <property name="java.vm.specification.name" value="Java Virtual Machine Specification"/>
    <property name="user.dir" value="D:\eclipse-workspace\dianqingOA"/>
    <property name="java.runtime.version" value="1.8.0_101-b13"/>
    <property name="java.awt.graphicsenv" value="sun.awt.Win32GraphicsEnvironment"/>
    <property name="java.endorsed.dirs" value="D:\Java\jdk1.8.0_101\jre\lib\endorsed"/>
    <property name="os.arch" value="amd64"/>
    <property name="java.io.tmpdir" value="C:\Users\ADMINI~1\AppData\Local\Temp\"/>
    <property name="line.separator" value="&#10;"/>
    <property name="java.vm.specification.vendor" value="Oracle Corporation"/>
    <property name="user.variant" value=""/>
    <property name="os.name" value="Windows 10"/>
    <property name="classworlds.conf" value="D:\eclipse-workspace\.metadata\.plugins\org.eclipse.m2e.launching\launches\m2conf2827033827908546974.tmp"/>
    <property name="sun.jnu.encoding" value="GBK"/>
    <property name="java.library.path" value="D:\Java\jdk1.8.0_101\bin;C:\Windows\Sun\Java\bin;C:\Windows\system32;C:\Windows;D:/Java/jre1.8.0_101/bin/server;D:/Java/jre1.8.0_101/bin;D:/Java/jre1.8.0_101/lib/amd64;D:\Python37\Scripts\;D:\Python37\;D:\Oracle\product\11.2.0\dbhome_1\bin;C:\ProgramData\Oracle\Java\javapath;C:\Windows\system32;C:\Windows;C:\Windows\System32\Wbem;C:\Windows\System32\WindowsPowerShell\v1.0\;D:\Java\jdk1.8.0_101\bin;D:\Java\jdk1.8.0_101\jre\bin;D:\apache-tomcat-8.5.37\lib;D:\apache-tomcat-8.5.37\bin;D:\apache-maven-3.6.0\bin;D:\Program Files (x86)\MySQL\MySQL Server 5.0\bin;D:\apache-ant-1.10.6\bin;D:\Git-2.21.0-64-bit\Git\cmd;D:\allure-2.12.1\bin;D:\eclipse;;."/>
    <property name="java.specification.name" value="Java Platform API Specification"/>
    <property name="java.class.version" value="52.0"/>
    <property name="sun.management.compiler" value="HotSpot 64-Bit Tiered Compilers"/>
    <property name="os.version" value="10.0"/>
    <property name="user.home" value="C:\Users\Administrator"/>
    <property name="user.timezone" value="Asia/Shanghai"/>
    <property name="java.awt.printerjob" value="sun.awt.windows.WPrinterJob"/>
    <property name="java.specification.version" value="1.8"/>
    <property name="file.encoding" value="UTF-8"/>
    <property name="user.name" value="Administrator"/>
    <property name="java.class.path" value="D:\apache-maven-3.6.0\boot\plexus-classworlds-2.5.2.jar"/>
    <property name="java.vm.specification.version" value="1.8"/>
    <property name="sun.arch.data.model" value="64"/>
    <property name="java.home" value="D:\Java\jdk1.8.0_101\jre"/>
    <property name="sun.java.command" value="org.codehaus.plexus.classworlds.launcher.Launcher -B -gs D:\apache-maven-3.6.0\conf\settings.xml -s D:\apache-maven-3.6.0\conf\settings.xml test"/>
    <property name="java.specification.vendor" value="Oracle Corporation"/>
    <property name="user.language" value="zh"/>
    <property name="awt.toolkit" value="sun.awt.windows.WToolkit"/>
    <property name="java.vm.info" value="mixed mode"/>
    <property name="java.version" value="1.8.0_101"/>
    <property name="java.ext.dirs" value="D:\Java\jdk1.8.0_101\jre\lib\ext;C:\Windows\Sun\Java\lib\ext"/>
    <property name="sun.boot.class.path" value="D:\Java\jdk1.8.0_101\jre\lib\resources.jar;D:\Java\jdk1.8.0_101\jre\lib\rt.jar;D:\Java\jdk1.8.0_101\jre\lib\sunrsasign.jar;D:\Java\jdk1.8.0_101\jre\lib\jsse.jar;D:\Java\jdk1.8.0_101\jre\lib\jce.jar;D:\Java\jdk1.8.0_101\jre\lib\charsets.jar;D:\Java\jdk1.8.0_101\jre\lib\jfr.jar;D:\Java\jdk1.8.0_101\jre\classes"/>
    <property name="java.vendor" value="Oracle Corporation"/>
    <property name="maven.home" value="D:\apache-maven-3.6.0"/>
    <property name="file.separator" value="\"/>
    <property name="java.vendor.url.bug" value="http://bugreport.sun.com/bugreport/"/>
    <property name="sun.cpu.endian" value="little"/>
    <property name="sun.io.unicode.encoding" value="UnicodeLittle"/>
    <property name="sun.desktop" value="windows"/>
    <property name="sun.cpu.isalist" value="amd64"/>
  </properties>
  <testcase name="onlineExperience" classname="com.f.dianqingoa.testcase.Test001_OnlineExperience" time="1.316"/>
  <testcase name="logParameterSetting" classname="com.f.dianqingoa.testcase.Test002_Sidebar_WorkLogManagement" time="5.961"/>
  <testcase name="my_Job_LogEle" classname="com.f.dianqingoa.testcase.Test002_Sidebar_WorkLogManagement" time="3.057"/>
  <testcase name="otherPeoplesWorkLog" classname="com.f.dianqingoa.testcase.Test002_Sidebar_WorkLogManagement" time="4.972"/>
  <testcase name="workLogManagemen" classname="com.f.dianqingoa.testcase.Test002_Sidebar_WorkLogManagement" time="1.587"/>
  <testcase name="workflow_applicationLink" classname="com.f.dianqingoa.testcase.Test003_Sidebar_WorkFlowManagement" time="4.684"/>
  <testcase name="workflow_management" classname="com.f.dianqingoa.testcase.Test003_Sidebar_WorkFlowManagement" time="1.996"/>
  <testcase name="my_applicationLink" classname="com.f.dianqingoa.testcase.Test003_Sidebar_WorkFlowManagement" time="2.745"/>
  <testcase name="my_approvalLink" classname="com.f.dianqingoa.testcase.Test003_Sidebar_WorkFlowManagement" time="3.11"/>
  <testcase name="parameter_SettingsLink" classname="com.f.dianqingoa.testcase.Test003_Sidebar_WorkFlowManagement" time="1.533"/>
  <testcase name="process_managementLink" classname="com.f.dianqingoa.testcase.Test003_Sidebar_WorkFlowManagement" time="1.928"/>
  <testcase name="template_managementLink" classname="com.f.dianqingoa.testcase.Test003_Sidebar_WorkFlowManagement" time="2.86"/>
  <testcase name="workflow_already_doneLink" classname="com.f.dianqingoa.testcase.Test003_Sidebar_WorkFlowManagement" time="3.083"/>
  <testcase name="notification_and_Announcement_Management" classname="com.f.dianqingoa.testcase.Test004_Sidebar_NotificationAndAnnouncementManagemen" time="4.038"/>
  <testcase name="announcement_of_Notification" classname="com.f.dianqingoa.testcase.Test004_Sidebar_NotificationAndAnnouncementManagemen" time="3.27"/>
  <testcase name="browse_Notice_Bulletin" classname="com.f.dianqingoa.testcase.Test004_Sidebar_NotificationAndAnnouncementManagemen" time="2.97"/>
  <testcase name="management_of_Sign_and_Receive_Records" classname="com.f.dianqingoa.testcase.Test004_Sidebar_NotificationAndAnnouncementManagemen" time="3.093"/>
  <testcase name="notice_basic_Information_Settings" classname="com.f.dianqingoa.testcase.Test004_Sidebar_NotificationAndAnnouncementManagemen" time="2.938"/>
  <testcase name="my_address_book" classname="com.f.dianqingoa.testcase.Test005_Sidebar_MyAddressBook" time="3.361"/>
  <testcase name="external_Address_BookLink" classname="com.f.dianqingoa.testcase.Test005_Sidebar_MyAddressBook" time="1.687"/>
  <testcase name="personal_Address_BookLink" classname="com.f.dianqingoa.testcase.Test005_Sidebar_MyAddressBook" time="1.889"/>
  <testcase name="personal_Data_MaintenanceLink" classname="com.f.dianqingoa.testcase.Test005_Sidebar_MyAddressBook" time="1.755"/>
  <testcase name="unit_Address_BookLink" classname="com.f.dianqingoa.testcase.Test005_Sidebar_MyAddressBook" time="1.507"/>
  <testcase name="document_Receiving_and_Dispatching_Management" classname="com.f.dianqingoa.testcase.Test007_Sidebar_DocumentReceivingAndDispatchingManagement" time="3.308"/>
  <testcase name="acceptanceLink" classname="com.f.dianqingoa.testcase.Test007_Sidebar_DocumentReceivingAndDispatchingManagement" time="1.45"/>
  <testcase name="audit_of_Receiving_and_Sending_DocumentsLink" classname="com.f.dianqingoa.testcase.Test007_Sidebar_DocumentReceivingAndDispatchingManagement" time="1.935"/>
  <testcase name="document_Supervisory_OfficeLink" classname="com.f.dianqingoa.testcase.Test007_Sidebar_DocumentReceivingAndDispatchingManagement" time="1.63"/>
  <testcase name="document_basic_Information_SettingsLink" classname="com.f.dianqingoa.testcase.Test007_Sidebar_DocumentReceivingAndDispatchingManagement" time="1.568"/>
  <testcase name="draft_manuscriptgLink" classname="com.f.dianqingoa.testcase.Test007_Sidebar_DocumentReceivingAndDispatchingManagement" time="2.428"/>
  <testcase name="my_draftLink" classname="com.f.dianqingoa.testcase.Test007_Sidebar_DocumentReceivingAndDispatchingManagement" time="1.578"/>
  <testcase name="receiving_Papers_to_be_ProcessedLink" classname="com.f.dianqingoa.testcase.Test007_Sidebar_DocumentReceivingAndDispatchingManagement" time="1.469"/>
  <testcase name="view_official_documentsLink" classname="com.f.dianqingoa.testcase.Test007_Sidebar_DocumentReceivingAndDispatchingManagement" time="1.47"/>
  <testcase name="work_report_management" classname="com.f.dianqingoa.testcase.Test008_Sidebar_WorkReportManagement" time="2.881"/>
  <testcase name="arrangement_of_work_reportsLink" classname="com.f.dianqingoa.testcase.Test008_Sidebar_WorkReportManagement" time="2.356"/>
  <testcase name="work_report_trackingLink" classname="com.f.dianqingoa.testcase.Test008_Sidebar_WorkReportManagement" time="1.5"/>
  <testcase name="work_plan_management" classname="com.f.dianqingoa.testcase.Test009_Sidebar_WorkPlanManagement" time="3.475"/>
  <testcase name="arrange_a_new_work_planLink" classname="com.f.dianqingoa.testcase.Test009_Sidebar_WorkPlanManagement" time="3.291"/>
  <testcase name="browse_through_existing_work_plansLink" classname="com.f.dianqingoa.testcase.Test009_Sidebar_WorkPlanManagement" time="2.551"/>
  <testcase name="maintenance_of_Work_Plan_CategoryLink" classname="com.f.dianqingoa.testcase.Test009_Sidebar_WorkPlanManagement" time="1.563"/>
  <testcase name="improving_Proposal_Management" classname="com.f.dianqingoa.testcase.Test010_Sidebar_ImprovingProposalManagement" time="3.13"/>
  <testcase name="i_want_to_submit_a_proposalLink" classname="com.f.dianqingoa.testcase.Test010_Sidebar_ImprovingProposalManagement" time="2.151"/>
  <testcase name="proposal_Browsing_and_FeedbackLink" classname="com.f.dianqingoa.testcase.Test010_Sidebar_ImprovingProposalManagement" time="2.237"/>
  <testcase name="project_tracking_management" classname="com.f.dianqingoa.testcase.Test011_Sidebar_ProjectTrackingManagement" time="3.028"/>
  <testcase name="additional_projectsLink" classname="com.f.dianqingoa.testcase.Test011_Sidebar_ProjectTrackingManagement" time="1.973"/>
  <testcase name="maintenance_of_Project_Progress_NameLink" classname="com.f.dianqingoa.testcase.Test011_Sidebar_ProjectTrackingManagement" time="1.573"/>
  <testcase name="periodic_project_trackingLink" classname="com.f.dianqingoa.testcase.Test011_Sidebar_ProjectTrackingManagement" time="1.655"/>
  <testcase name="project_Category_Name_MaintenanceLink" classname="com.f.dianqingoa.testcase.Test011_Sidebar_ProjectTrackingManagement" time="1.506"/>
  <testcase name="unit_Meeting_Management" classname="com.f.dianqingoa.testcase.Test012_Sidebar_UnitMeetingManagement" time="3.006"/>
  <testcase name="added_minutes_of_the_meetingLink" classname="com.f.dianqingoa.testcase.Test012_Sidebar_UnitMeetingManagement" time="2.118"/>
  <testcase name="browse_the_minutes_of_the_meetingLink" classname="com.f.dianqingoa.testcase.Test012_Sidebar_UnitMeetingManagement" time="1.67"/>
  <testcase name="press_conference_announcementLink" classname="com.f.dianqingoa.testcase.Test012_Sidebar_UnitMeetingManagement" time="2.145"/>
  <testcase name="unit_News_Management" classname="com.f.dianqingoa.testcase.Test013_Sidebar_UnitNewsManagement" time="3.031"/>
  <testcase name="browse_the_newsLink" classname="com.f.dianqingoa.testcase.Test013_Sidebar_UnitNewsManagement" time="1.977"/>
  <testcase name="publish_newsLink" classname="com.f.dianqingoa.testcase.Test013_Sidebar_UnitNewsManagement" time="2.139"/>
  <testcase name="work_contact_sheet" classname="com.f.dianqingoa.testcase.Test014_Sidebar_WorkContactSheet" time="3.448"/>
  <testcase name="audit_contact_sheetLink" classname="com.f.dianqingoa.testcase.Test014_Sidebar_WorkContactSheet" time="1.479"/>
  <testcase name="browse_contact_sheetsLink" classname="com.f.dianqingoa.testcase.Test014_Sidebar_WorkContactSheet" time="1.698"/>
  <testcase name="management_contact_sheetLink" classname="com.f.dianqingoa.testcase.Test014_Sidebar_WorkContactSheet" time="1.554"/>
  <testcase name="send_Contact_FormLink" classname="com.f.dianqingoa.testcase.Test014_Sidebar_WorkContactSheet" time="2.021"/>
  <testcase name="personal_Memorandum" classname="com.f.dianqingoa.testcase.Test015_Sidebar_PartyMembersWorld" time="3.005"/>
  <testcase name="additional_memorandumLink" classname="com.f.dianqingoa.testcase.Test015_Sidebar_PartyMembersWorld" time="3.117"/>
  <testcase name="browse_the_MemorandumLink" classname="com.f.dianqingoa.testcase.Test015_Sidebar_PartyMembersWorld" time="1.392"/>
  <testcase name="party_members_world" classname="com.f.dianqingoa.testcase.Test016_Sidebar_PersonalMemorandum" time="3.081"/>
  <testcase name="information_Introduction_of_Party_MembersLink" classname="com.f.dianqingoa.testcase.Test016_Sidebar_PersonalMemorandum" time="1.771"/>
  <testcase name="openness_of_Party_Affairs_InformationLink" classname="com.f.dianqingoa.testcase.Test016_Sidebar_PersonalMemorandum" time="1.652"/>
  <testcase name="MIS_Information_Communication" classname="com.f.dianqingoa.testcase.Test018_Sidebar_MISInformationCommunication" time="17.56"/>
  <testcase name="dianqings_Way_of_Management" classname="com.f.dianqingoa.testcase.Test020_WinSidebar_DianqingMISInformationCommunication_Experience" time="3.821"/>
  <testcase name="winLeft_MIS_Information_Communication" classname="com.f.dianqingoa.testcase.Test020_WinSidebar_DianqingMISInformationCommunication_Experience" time="0.257"/>
  <testcase name="winMain_Experience_Start1" classname="com.f.dianqingoa.testcase.Test020_WinSidebar_DianqingMISInformationCommunication_Experience" time="1.393"/>
  <testcase name="winLeft_Invoicing_management_system" classname="com.f.dianqingoa.testcase.Test021_WinSidebar_DianqingInvoicingManagementSystem_Experience" time="3.693"/>
  <testcase name="winMain_Experience_Start2" classname="com.f.dianqingoa.testcase.Test021_WinSidebar_DianqingInvoicingManagementSystem_Experience" time="6.51"/>
  <testcase name="winLeft_Customer_Management_System" classname="com.f.dianqingoa.testcase.Test022_WinSidebar_DianqingCRMCustomerManagementSystem_Experience" time="4.317"/>
  <testcase name="winMain_Experience_Start3" classname="com.f.dianqingoa.testcase.Test022_WinSidebar_DianqingCRMCustomerManagementSystem_Experience" time="6.024"/>
  <testcase name="winLeft_Solution_of_full_attendance" classname="com.f.dianqingoa.testcase.Test023_WinSidebar_DianqingAllStaffAttendance_Experience" time="4.526"/>
  <testcase name="winMain_Experience_Start4" classname="com.f.dianqingoa.testcase.Test023_WinSidebar_DianqingAllStaffAttendance_Experience" time="5.259"/>
  <testcase name="winLeft_Warehouse_Management_System" classname="com.f.dianqingoa.testcase.Test024_WinSidebar_DianqingWMSWarehouseManagementSystem_Experience" time="4.252"/>
  <testcase name="winMain_Experience_Start5" classname="com.f.dianqingoa.testcase.Test024_WinSidebar_DianqingWMSWarehouseManagementSystem_Experience" time="7.369"/>
  <testcase name="winLeft_Wechat_Distribution_System" classname="com.f.dianqingoa.testcase.Test025_WinSidebar_DianqingDRPWechatDistributionSystem_Experience" time="4.339"/>
  <testcase name="winMain_Experience_Start6" classname="com.f.dianqingoa.testcase.Test025_WinSidebar_DianqingDRPWechatDistributionSystem_Experience" time="5.803"/>
  <testcase name="winLeft_Budget_reimbursement_system" classname="com.f.dianqingoa.testcase.Test026_WinSidebar_DianqingEBRBudgetReimbursementSystem_Experience" time="3.977"/>
  <testcase name="winMain_Experience_Start7" classname="com.f.dianqingoa.testcase.Test026_WinSidebar_DianqingEBRBudgetReimbursementSystem_Experience" time="4.877"/>
  <testcase name="winLeft_Intranet_Communication_Scheme" classname="com.f.dianqingoa.testcase.Test027_WinSidebar_DianqingInetIntranetCommunicationScheme_Experience" time="4.814"/>
  <testcase name="winMain_Experience_Start8" classname="com.f.dianqingoa.testcase.Test027_WinSidebar_DianqingInetIntranetCommunicationScheme_Experience" time="2.461"/>
  <testcase name="winLeft_Port_Management_System" classname="com.f.dianqingoa.testcase.Test028_WinSidebar_DianqingPMSPortManagementSystem_Experience" time="4.225"/>
  <testcase name="winMain_Experience_Start9" classname="com.f.dianqingoa.testcase.Test028_WinSidebar_DianqingPMSPortManagementSystem_Experience" time="6.532"/>
  <testcase name="winLeft_Enterprise_Management_System" classname="com.f.dianqingoa.testcase.Test029_WinSidebar_DianqingERPEnterpriseManagementSystem_Experience" time="5.021"/>
  <testcase name="winMain_Experience_Start10" classname="com.f.dianqingoa.testcase.Test029_WinSidebar_DianqingERPEnterpriseManagementSystem_Experience" time="14.136"/>
  <testcase name="winLeft_Die_cutting_ERP_Management_System" classname="com.f.dianqingoa.testcase.Test030_WinSidebar_DianqingDiecuttingERPManagementSystem_Experience" time="3.791"/>
  <testcase name="winMain_Experience_Start11" classname="com.f.dianqingoa.testcase.Test030_WinSidebar_DianqingDiecuttingERPManagementSystem_Experience" time="8.499"/>
  <testcase name="ReleaseNews" classname="com.f.dianqingoa.testcase.Test031_SendNews" time="20.589"/>
</testsuite>