<?xml version="1.0" encoding="UTF-8"?>
<!-- Generated by org.testng.reporters.JUnitReportReporter -->
<testsuite skipped="0" hostname="DEEP-1907221518" name="com.f.dianqingoa.testcase.Test007_Sidebar_DocumentReceivingAndDispatchingManagement" tests="9" failures="0" timestamp="18 九月 2019 11:10:37 GMT" time="16.834" errors="0">
  <testcase name="view_official_documentsLink" time="1.471" classname="com.f.dianqingoa.testcase.Test007_Sidebar_DocumentReceivingAndDispatchingManagement"/>
  <testcase name="audit_of_Receiving_and_Sending_DocumentsLink" time="1.934" classname="com.f.dianqingoa.testcase.Test007_Sidebar_DocumentReceivingAndDispatchingManagement"/>
  <testcase name="receiving_Papers_to_be_ProcessedLink" time="1.469" classname="com.f.dianqingoa.testcase.Test007_Sidebar_DocumentReceivingAndDispatchingManagement"/>
  <testcase name="document_Supervisory_OfficeLink" time="1.630" classname="com.f.dianqingoa.testcase.Test007_Sidebar_DocumentReceivingAndDispatchingManagement"/>
  <testcase name="document_Receiving_and_Dispatching_Management" time="3.308" classname="com.f.dianqingoa.testcase.Test007_Sidebar_DocumentReceivingAndDispatchingManagement"/>
  <testcase name="document_basic_Information_SettingsLink" time="1.568" classname="com.f.dianqingoa.testcase.Test007_Sidebar_DocumentReceivingAndDispatchingManagement"/>
  <testcase name="my_draftLink" time="1.577" classname="com.f.dianqingoa.testcase.Test007_Sidebar_DocumentReceivingAndDispatchingManagement"/>
  <testcase name="draft_manuscriptgLink" time="2.428" classname="com.f.dianqingoa.testcase.Test007_Sidebar_DocumentReceivingAndDispatchingManagement"/>
  <testcase name="acceptanceLink" time="1.449" classname="com.f.dianqingoa.testcase.Test007_Sidebar_DocumentReceivingAndDispatchingManagement"/>
</testsuite> <!-- com.f.dianqingoa.testcase.Test007_Sidebar_DocumentReceivingAndDispatchingManagement -->
