<?xml version="1.0" encoding="UTF-8"?>
<!-- Generated by org.testng.reporters.JUnitReportReporter -->
<testsuite skipped="0" hostname="DEEP-1907221518" name="com.f.dianqingoa.testcase.Test013_Sidebar_UnitNewsManagement" tests="3" failures="0" timestamp="18 九月 2019 11:10:37 GMT" time="7.148" errors="0">
  <testcase name="publish_newsLink" time="2.139" classname="com.f.dianqingoa.testcase.Test013_Sidebar_UnitNewsManagement"/>
  <testcase name="unit_News_Management" time="3.032" classname="com.f.dianqingoa.testcase.Test013_Sidebar_UnitNewsManagement"/>
  <testcase name="browse_the_newsLink" time="1.977" classname="com.f.dianqingoa.testcase.Test013_Sidebar_UnitNewsManagement"/>
</testsuite> <!-- com.f.dianqingoa.testcase.Test013_Sidebar_UnitNewsManagement -->
