<?xml version="1.0" encoding="UTF-8"?>
<!-- Generated by org.testng.reporters.JUnitReportReporter -->
<testsuite skipped="0" hostname="DEEP-1907221518" name="com.f.dianqingoa.testcase.Test026_WinSidebar_DianqingEBRBudgetReimbursementSystem_Experience" tests="2" failures="0" timestamp="18 九月 2019 11:10:37 GMT" time="8.853" errors="0">
  <testcase name="winMain_Experience_Start7" time="4.877" classname="com.f.dianqingoa.testcase.Test026_WinSidebar_DianqingEBRBudgetReimbursementSystem_Experience"/>
  <testcase name="winLeft_Budget_reimbursement_system" time="3.976" classname="com.f.dianqingoa.testcase.Test026_WinSidebar_DianqingEBRBudgetReimbursementSystem_Experience"/>
</testsuite> <!-- com.f.dianqingoa.testcase.Test026_WinSidebar_DianqingEBRBudgetReimbursementSystem_Experience -->
