<?xml version="1.0" encoding="UTF-8"?>
<!-- Generated by org.testng.reporters.JUnitReportReporter -->
<testsuite skipped="0" hostname="DEEP-1907221518" name="com.f.dianqingoa.testcase.Test010_Sidebar_ImprovingProposalManagement" tests="3" failures="0" timestamp="18 九月 2019 11:10:37 GMT" time="7.516" errors="0">
  <testcase name="improving_Proposal_Management" time="3.130" classname="com.f.dianqingoa.testcase.Test010_Sidebar_ImprovingProposalManagement"/>
  <testcase name="proposal_Browsing_and_FeedbackLink" time="2.235" classname="com.f.dianqingoa.testcase.Test010_Sidebar_ImprovingProposalManagement"/>
  <testcase name="i_want_to_submit_a_proposalLink" time="2.151" classname="com.f.dianqingoa.testcase.Test010_Sidebar_ImprovingProposalManagement"/>
</testsuite> <!-- com.f.dianqingoa.testcase.Test010_Sidebar_ImprovingProposalManagement -->
