<?xml version="1.0" encoding="UTF-8"?>
<!-- Generated by org.testng.reporters.JUnitReportReporter -->
<testsuite skipped="0" hostname="DEEP-1907221518" name="com.f.dianqingoa.testcase.Test016_Sidebar_PersonalMemorandum" tests="3" failures="0" timestamp="18 九月 2019 11:10:37 GMT" time="6.502" errors="0">
  <testcase name="openness_of_Party_Affairs_InformationLink" time="1.652" classname="com.f.dianqingoa.testcase.Test016_Sidebar_PersonalMemorandum"/>
  <testcase name="party_members_world" time="3.081" classname="com.f.dianqingoa.testcase.Test016_Sidebar_PersonalMemorandum"/>
  <testcase name="information_Introduction_of_Party_MembersLink" time="1.769" classname="com.f.dianqingoa.testcase.Test016_Sidebar_PersonalMemorandum"/>
</testsuite> <!-- com.f.dianqingoa.testcase.Test016_Sidebar_PersonalMemorandum -->
