<?xml version="1.0" encoding="UTF-8"?>
<!-- Generated by org.testng.reporters.JUnitReportReporter -->
<testsuite skipped="0" hostname="DEEP-1907221518" name="com.f.dianqingoa.testcase.Test008_Sidebar_WorkReportManagement" tests="3" failures="0" timestamp="18 九月 2019 11:10:37 GMT" time="6.736" errors="0">
  <testcase name="work_report_trackingLink" time="1.500" classname="com.f.dianqingoa.testcase.Test008_Sidebar_WorkReportManagement"/>
  <testcase name="work_report_management" time="2.880" classname="com.f.dianqingoa.testcase.Test008_Sidebar_WorkReportManagement"/>
  <testcase name="arrangement_of_work_reportsLink" time="2.356" classname="com.f.dianqingoa.testcase.Test008_Sidebar_WorkReportManagement"/>
</testsuite> <!-- com.f.dianqingoa.testcase.Test008_Sidebar_WorkReportManagement -->
