<?xml version="1.0" encoding="UTF-8"?>
<!-- Generated by org.testng.reporters.JUnitReportReporter -->
<testsuite skipped="0" hostname="DEEP-1907221518" name="com.f.dianqingoa.testcase.Test004_Sidebar_NotificationAndAnnouncementManagemen" tests="5" failures="0" timestamp="18 九月 2019 11:10:37 GMT" time="16.310" errors="0">
  <testcase name="notification_and_Announcement_Management" time="4.038" classname="com.f.dianqingoa.testcase.Test004_Sidebar_NotificationAndAnnouncementManagemen"/>
  <testcase name="management_of_Sign_and_Receive_Records" time="3.095" classname="com.f.dianqingoa.testcase.Test004_Sidebar_NotificationAndAnnouncementManagemen"/>
  <testcase name="announcement_of_Notification" time="3.270" classname="com.f.dianqingoa.testcase.Test004_Sidebar_NotificationAndAnnouncementManagemen"/>
  <testcase name="browse_Notice_Bulletin" time="2.970" classname="com.f.dianqingoa.testcase.Test004_Sidebar_NotificationAndAnnouncementManagemen"/>
  <testcase name="notice_basic_Information_Settings" time="2.937" classname="com.f.dianqingoa.testcase.Test004_Sidebar_NotificationAndAnnouncementManagemen"/>
</testsuite> <!-- com.f.dianqingoa.testcase.Test004_Sidebar_NotificationAndAnnouncementManagemen -->
