<?xml version="1.0" encoding="UTF-8"?>
<!-- Generated by org.testng.reporters.JUnitReportReporter -->
<testsuite skipped="0" hostname="DEEP-1907221518" name="com.f.dianqingoa.testcase.Test015_Sidebar_PartyMembersWorld" tests="3" failures="0" timestamp="18 九月 2019 11:10:37 GMT" time="7.509" errors="0">
  <testcase name="additional_memorandumLink" time="3.116" classname="com.f.dianqingoa.testcase.Test015_Sidebar_PartyMembersWorld"/>
  <testcase name="personal_Memorandum" time="3.002" classname="com.f.dianqingoa.testcase.Test015_Sidebar_PartyMembersWorld"/>
  <testcase name="browse_the_MemorandumLink" time="1.391" classname="com.f.dianqingoa.testcase.Test015_Sidebar_PartyMembersWorld"/>
</testsuite> <!-- com.f.dianqingoa.testcase.Test015_Sidebar_PartyMembersWorld -->
