<?xml version="1.0" encoding="UTF-8"?>
<!-- Generated by org.testng.reporters.JUnitReportReporter -->
<testsuite skipped="0" hostname="DEEP-1907221518" name="com.f.dianqingoa.testcase.Test012_Sidebar_UnitMeetingManagement" tests="4" failures="0" timestamp="18 九月 2019 11:10:37 GMT" time="8.944" errors="0">
  <testcase name="added_minutes_of_the_meetingLink" time="2.123" classname="com.f.dianqingoa.testcase.Test012_Sidebar_UnitMeetingManagement"/>
  <testcase name="browse_the_minutes_of_the_meetingLink" time="1.671" classname="com.f.dianqingoa.testcase.Test012_Sidebar_UnitMeetingManagement"/>
  <testcase name="press_conference_announcementLink" time="2.145" classname="com.f.dianqingoa.testcase.Test012_Sidebar_UnitMeetingManagement"/>
  <testcase name="unit_Meeting_Management" time="3.005" classname="com.f.dianqingoa.testcase.Test012_Sidebar_UnitMeetingManagement"/>
</testsuite> <!-- com.f.dianqingoa.testcase.Test012_Sidebar_UnitMeetingManagement -->
