<?xml version="1.0" encoding="UTF-8"?>
<!-- Generated by org.testng.reporters.JUnitReportReporter -->
<testsuite skipped="0" hostname="DEEP-1907221518" name="com.f.dianqingoa.testcase.Test011_Sidebar_ProjectTrackingManagement" tests="5" failures="0" timestamp="18 九月 2019 11:10:37 GMT" time="9.736" errors="0">
  <testcase name="periodic_project_trackingLink" time="1.655" classname="com.f.dianqingoa.testcase.Test011_Sidebar_ProjectTrackingManagement"/>
  <testcase name="additional_projectsLink" time="1.974" classname="com.f.dianqingoa.testcase.Test011_Sidebar_ProjectTrackingManagement"/>
  <testcase name="project_Category_Name_MaintenanceLink" time="1.506" classname="com.f.dianqingoa.testcase.Test011_Sidebar_ProjectTrackingManagement"/>
  <testcase name="maintenance_of_Project_Progress_NameLink" time="1.573" classname="com.f.dianqingoa.testcase.Test011_Sidebar_ProjectTrackingManagement"/>
  <testcase name="project_tracking_management" time="3.028" classname="com.f.dianqingoa.testcase.Test011_Sidebar_ProjectTrackingManagement"/>
</testsuite> <!-- com.f.dianqingoa.testcase.Test011_Sidebar_ProjectTrackingManagement -->
