<?xml version="1.0" encoding="UTF-8"?>
<!-- Generated by org.testng.reporters.JUnitReportReporter -->
<testsuite skipped="0" hostname="DEEP-1907221518" name="com.f.dianqingoa.testcase.Test005_Sidebar_MyAddressBook" tests="5" failures="0" timestamp="18 九月 2019 11:10:37 GMT" time="10.199" errors="0">
  <testcase name="personal_Data_MaintenanceLink" time="1.756" classname="com.f.dianqingoa.testcase.Test005_Sidebar_MyAddressBook"/>
  <testcase name="unit_Address_BookLink" time="1.507" classname="com.f.dianqingoa.testcase.Test005_Sidebar_MyAddressBook"/>
  <testcase name="my_address_book" time="3.360" classname="com.f.dianqingoa.testcase.Test005_Sidebar_MyAddressBook"/>
  <testcase name="personal_Address_BookLink" time="1.889" classname="com.f.dianqingoa.testcase.Test005_Sidebar_MyAddressBook"/>
  <testcase name="external_Address_BookLink" time="1.687" classname="com.f.dianqingoa.testcase.Test005_Sidebar_MyAddressBook"/>
</testsuite> <!-- com.f.dianqingoa.testcase.Test005_Sidebar_MyAddressBook -->
