<?xml version="1.0" encoding="UTF-8"?>
<!-- Generated by org.testng.reporters.JUnitReportReporter -->
<testsuite skipped="0" hostname="DEEP-1907221518" name="com.f.dianqingoa.testcase.Test025_WinSidebar_DianqingDRPWechatDistributionSystem_Experience" tests="2" failures="0" timestamp="18 九月 2019 11:10:37 GMT" time="10.143" errors="0">
  <testcase name="winMain_Experience_Start6" time="5.804" classname="com.f.dianqingoa.testcase.Test025_WinSidebar_DianqingDRPWechatDistributionSystem_Experience"/>
  <testcase name="winLeft_Wechat_Distribution_System" time="4.339" classname="com.f.dianqingoa.testcase.Test025_WinSidebar_DianqingDRPWechatDistributionSystem_Experience"/>
</testsuite> <!-- com.f.dianqingoa.testcase.Test025_WinSidebar_DianqingDRPWechatDistributionSystem_Experience -->
