<?xml version="1.0" encoding="UTF-8"?>
<!-- Generated by org.testng.reporters.JUnitReportReporter -->
<testsuite skipped="0" hostname="DEEP-1907221518" name="com.f.dianqingoa.testcase.Test009_Sidebar_WorkPlanManagement" tests="4" failures="0" timestamp="18 九月 2019 11:10:37 GMT" time="10.880" errors="0">
  <testcase name="maintenance_of_Work_Plan_CategoryLink" time="1.563" classname="com.f.dianqingoa.testcase.Test009_Sidebar_WorkPlanManagement"/>
  <testcase name="work_plan_management" time="3.475" classname="com.f.dianqingoa.testcase.Test009_Sidebar_WorkPlanManagement"/>
  <testcase name="arrange_a_new_work_planLink" time="3.291" classname="com.f.dianqingoa.testcase.Test009_Sidebar_WorkPlanManagement"/>
  <testcase name="browse_through_existing_work_plansLink" time="2.551" classname="com.f.dianqingoa.testcase.Test009_Sidebar_WorkPlanManagement"/>
</testsuite> <!-- com.f.dianqingoa.testcase.Test009_Sidebar_WorkPlanManagement -->
