<?xml version="1.0" encoding="UTF-8"?>
<!-- Generated by org.testng.reporters.JUnitReportReporter -->
<testsuite skipped="0" hostname="DEEP-1907221518" name="com.f.dianqingoa.testcase.Test014_Sidebar_WorkContactSheet" tests="5" failures="0" timestamp="18 九月 2019 11:10:37 GMT" time="10.201" errors="0">
  <testcase name="management_contact_sheetLink" time="1.555" classname="com.f.dianqingoa.testcase.Test014_Sidebar_WorkContactSheet"/>
  <testcase name="send_Contact_FormLink" time="2.021" classname="com.f.dianqingoa.testcase.Test014_Sidebar_WorkContactSheet"/>
  <testcase name="work_contact_sheet" time="3.448" classname="com.f.dianqingoa.testcase.Test014_Sidebar_WorkContactSheet"/>
  <testcase name="browse_contact_sheetsLink" time="1.698" classname="com.f.dianqingoa.testcase.Test014_Sidebar_WorkContactSheet"/>
  <testcase name="audit_contact_sheetLink" time="1.479" classname="com.f.dianqingoa.testcase.Test014_Sidebar_WorkContactSheet"/>
</testsuite> <!-- com.f.dianqingoa.testcase.Test014_Sidebar_WorkContactSheet -->
