<?xml version="1.0" encoding="UTF-8"?>
<!-- Generated by org.testng.reporters.JUnitReportReporter -->
<testsuite skipped="0" hostname="DEEP-1907221518" name="com.f.dianqingoa.testcase.Test024_WinSidebar_DianqingWMSWarehouseManagementSystem_Experience" tests="2" failures="0" timestamp="18 九月 2019 11:10:37 GMT" time="11.620" errors="0">
  <testcase name="winMain_Experience_Start5" time="7.369" classname="com.f.dianqingoa.testcase.Test024_WinSidebar_DianqingWMSWarehouseManagementSystem_Experience"/>
  <testcase name="winLeft_Warehouse_Management_System" time="4.251" classname="com.f.dianqingoa.testcase.Test024_WinSidebar_DianqingWMSWarehouseManagementSystem_Experience"/>
</testsuite> <!-- com.f.dianqingoa.testcase.Test024_WinSidebar_DianqingWMSWarehouseManagementSystem_Experience -->
