<?xml version="1.0" encoding="UTF-8"?>
<!-- Generated by org.testng.reporters.JUnitReportReporter -->
<testsuite skipped="0" hostname="DEEP-1907221518" name="com.f.dianqingoa.testcase.Test020_WinSidebar_DianqingMISInformationCommunication_Experience" tests="3" failures="0" timestamp="18 九月 2019 11:10:37 GMT" time="5.469" errors="0">
  <testcase name="dianqings_Way_of_Management" time="3.820" classname="com.f.dianqingoa.testcase.Test020_WinSidebar_DianqingMISInformationCommunication_Experience"/>
  <testcase name="winLeft_MIS_Information_Communication" time="0.256" classname="com.f.dianqingoa.testcase.Test020_WinSidebar_DianqingMISInformationCommunication_Experience"/>
  <testcase name="winMain_Experience_Start1" time="1.393" classname="com.f.dianqingoa.testcase.Test020_WinSidebar_DianqingMISInformationCommunication_Experience"/>
</testsuite> <!-- com.f.dianqingoa.testcase.Test020_WinSidebar_DianqingMISInformationCommunication_Experience -->
