<?xml version="1.0" encoding="UTF-8"?>
<!-- Generated by org.testng.reporters.JUnitReportReporter -->
<testsuite skipped="0" hostname="DEEP-1907221518" name="com.f.dianqingoa.testcase.Test002_Sidebar_WorkLogManagement" tests="4" failures="0" timestamp="18 九月 2019 11:10:37 GMT" time="15.578" errors="0">
  <testcase name="workLogManagemen" time="1.587" classname="com.f.dianqingoa.testcase.Test002_Sidebar_WorkLogManagement"/>
  <testcase name="otherPeoplesWorkLog" time="4.972" classname="com.f.dianqingoa.testcase.Test002_Sidebar_WorkLogManagement"/>
  <testcase name="logParameterSetting" time="5.962" classname="com.f.dianqingoa.testcase.Test002_Sidebar_WorkLogManagement"/>
  <testcase name="my_Job_LogEle" time="3.057" classname="com.f.dianqingoa.testcase.Test002_Sidebar_WorkLogManagement"/>
</testsuite> <!-- com.f.dianqingoa.testcase.Test002_Sidebar_WorkLogManagement -->
