<?xml version="1.0" encoding="UTF-8"?>
<!-- Generated by org.testng.reporters.JUnitReportReporter -->
<testsuite skipped="0" hostname="DEEP-1907221518" name="com.f.dianqingoa.testcase.Test030_WinSidebar_DianqingDiecuttingERPManagementSystem_Experience" tests="2" failures="0" timestamp="18 九月 2019 11:10:37 GMT" time="12.292" errors="0">
  <testcase name="winMain_Experience_Start11" time="8.499" classname="com.f.dianqingoa.testcase.Test030_WinSidebar_DianqingDiecuttingERPManagementSystem_Experience"/>
  <testcase name="winLeft_Die_cutting_ERP_Management_System" time="3.793" classname="com.f.dianqingoa.testcase.Test030_WinSidebar_DianqingDiecuttingERPManagementSystem_Experience"/>
</testsuite> <!-- com.f.dianqingoa.testcase.Test030_WinSidebar_DianqingDiecuttingERPManagementSystem_Experience -->
