<?xml version="1.0" encoding="UTF-8"?>
<!-- Generated by org.testng.reporters.JUnitReportReporter -->
<testsuite skipped="0" hostname="DEEP-1907221518" name="com.f.dianqingoa.testcase.Test027_WinSidebar_DianqingInetIntranetCommunicationScheme_Experience" tests="2" failures="0" timestamp="18 九月 2019 11:10:37 GMT" time="7.275" errors="0">
  <testcase name="winMain_Experience_Start8" time="2.461" classname="com.f.dianqingoa.testcase.Test027_WinSidebar_DianqingInetIntranetCommunicationScheme_Experience"/>
  <testcase name="winLeft_Intranet_Communication_Scheme" time="4.814" classname="com.f.dianqingoa.testcase.Test027_WinSidebar_DianqingInetIntranetCommunicationScheme_Experience"/>
</testsuite> <!-- com.f.dianqingoa.testcase.Test027_WinSidebar_DianqingInetIntranetCommunicationScheme_Experience -->
