<?xml version="1.0" encoding="UTF-8"?>
<!-- Generated by org.testng.reporters.JUnitReportReporter -->
<testsuite skipped="0" hostname="DEEP-1907221518" name="com.f.dianqingoa.testcase.Test022_WinSidebar_DianqingCRMCustomerManagementSystem_Experience" tests="2" failures="0" timestamp="18 九月 2019 11:10:37 GMT" time="10.343" errors="0">
  <testcase name="winMain_Experience_Start3" time="6.025" classname="com.f.dianqingoa.testcase.Test022_WinSidebar_DianqingCRMCustomerManagementSystem_Experience"/>
  <testcase name="winLeft_Customer_Management_System" time="4.318" classname="com.f.dianqingoa.testcase.Test022_WinSidebar_DianqingCRMCustomerManagementSystem_Experience"/>
</testsuite> <!-- com.f.dianqingoa.testcase.Test022_WinSidebar_DianqingCRMCustomerManagementSystem_Experience -->
