<?xml version="1.0" encoding="UTF-8"?>
<!-- Generated by org.testng.reporters.JUnitReportReporter -->
<testsuite skipped="0" hostname="DEEP-1907221518" name="com.f.dianqingoa.testcase.Test021_WinSidebar_DianqingInvoicingManagementSystem_Experience" tests="2" failures="0" timestamp="18 九月 2019 11:10:37 GMT" time="10.201" errors="0">
  <testcase name="winLeft_Invoicing_management_system" time="3.692" classname="com.f.dianqingoa.testcase.Test021_WinSidebar_DianqingInvoicingManagementSystem_Experience"/>
  <testcase name="winMain_Experience_Start2" time="6.509" classname="com.f.dianqingoa.testcase.Test021_WinSidebar_DianqingInvoicingManagementSystem_Experience"/>
</testsuite> <!-- com.f.dianqingoa.testcase.Test021_WinSidebar_DianqingInvoicingManagementSystem_Experience -->
