<?xml version="1.0" encoding="UTF-8"?>
<!-- Generated by org.testng.reporters.JUnitReportReporter -->
<testsuite skipped="0" hostname="DEEP-1907221518" name="com.f.dianqingoa.testcase.Test023_WinSidebar_DianqingAllStaffAttendance_Experience" tests="2" failures="0" timestamp="18 九月 2019 11:10:37 GMT" time="9.785" errors="0">
  <testcase name="winMain_Experience_Start4" time="5.259" classname="com.f.dianqingoa.testcase.Test023_WinSidebar_DianqingAllStaffAttendance_Experience"/>
  <testcase name="winLeft_Solution_of_full_attendance" time="4.526" classname="com.f.dianqingoa.testcase.Test023_WinSidebar_DianqingAllStaffAttendance_Experience"/>
</testsuite> <!-- com.f.dianqingoa.testcase.Test023_WinSidebar_DianqingAllStaffAttendance_Experience -->
