<?xml version="1.0" encoding="UTF-8"?>
<!-- Generated by org.testng.reporters.JUnitReportReporter -->
<testsuite skipped="0" hostname="DEEP-1907221518" name="com.f.dianqingoa.testcase.Test029_WinSidebar_DianqingERPEnterpriseManagementSystem_Experience" tests="2" failures="0" timestamp="18 九月 2019 11:10:37 GMT" time="19.159" errors="0">
  <testcase name="winLeft_Enterprise_Management_System" time="5.022" classname="com.f.dianqingoa.testcase.Test029_WinSidebar_DianqingERPEnterpriseManagementSystem_Experience"/>
  <testcase name="winMain_Experience_Start10" time="14.137" classname="com.f.dianqingoa.testcase.Test029_WinSidebar_DianqingERPEnterpriseManagementSystem_Experience"/>
</testsuite> <!-- com.f.dianqingoa.testcase.Test029_WinSidebar_DianqingERPEnterpriseManagementSystem_Experience -->
