<?xml version="1.0" encoding="UTF-8"?>
<!-- Generated by org.testng.reporters.JUnitReportReporter -->
<testsuite skipped="0" hostname="DEEP-1907221518" name="com.f.dianqingoa.testcase.Test003_Sidebar_WorkFlowManagement" tests="8" failures="0" timestamp="18 九月 2019 11:10:37 GMT" time="21.940" errors="0">
  <testcase name="my_applicationLink" time="2.744" classname="com.f.dianqingoa.testcase.Test003_Sidebar_WorkFlowManagement"/>
  <testcase name="my_approvalLink" time="3.111" classname="com.f.dianqingoa.testcase.Test003_Sidebar_WorkFlowManagement"/>
  <testcase name="process_managementLink" time="1.928" classname="com.f.dianqingoa.testcase.Test003_Sidebar_WorkFlowManagement"/>
  <testcase name="workflow_already_doneLink" time="3.084" classname="com.f.dianqingoa.testcase.Test003_Sidebar_WorkFlowManagement"/>
  <testcase name="parameter_SettingsLink" time="1.533" classname="com.f.dianqingoa.testcase.Test003_Sidebar_WorkFlowManagement"/>
  <testcase name="workflow_management" time="1.996" classname="com.f.dianqingoa.testcase.Test003_Sidebar_WorkFlowManagement"/>
  <testcase name="template_managementLink" time="2.860" classname="com.f.dianqingoa.testcase.Test003_Sidebar_WorkFlowManagement"/>
  <testcase name="workflow_applicationLink" time="4.684" classname="com.f.dianqingoa.testcase.Test003_Sidebar_WorkFlowManagement"/>
</testsuite> <!-- com.f.dianqingoa.testcase.Test003_Sidebar_WorkFlowManagement -->
