<?xml version="1.0" encoding="UTF-8"?>
<!-- Generated by org.testng.reporters.JUnitReportReporter -->
<testsuite skipped="0" hostname="DEEP-1907221518" name="com.f.dianqingoa.testcase.Test031_SendNews" tests="1" failures="0" timestamp="18 九月 2019 11:10:37 GMT" time="20.589" errors="0">
  <testcase name="ReleaseNews" time="20.589" classname="com.f.dianqingoa.testcase.Test031_SendNews"/>
</testsuite> <!-- com.f.dianqingoa.testcase.Test031_SendNews -->
