<?xml version="1.0" encoding="UTF-8"?>
<!-- Generated by org.testng.reporters.JUnitReportReporter -->
<testsuite skipped="0" hostname="DEEP-1907221518" name="com.f.dianqingoa.testcase.Test028_WinSidebar_DianqingPMSPortManagementSystem_Experience" tests="2" failures="0" timestamp="18 九月 2019 11:10:37 GMT" time="10.757" errors="0">
  <testcase name="winLeft_Port_Management_System" time="4.225" classname="com.f.dianqingoa.testcase.Test028_WinSidebar_DianqingPMSPortManagementSystem_Experience"/>
  <testcase name="winMain_Experience_Start9" time="6.532" classname="com.f.dianqingoa.testcase.Test028_WinSidebar_DianqingPMSPortManagementSystem_Experience"/>
</testsuite> <!-- com.f.dianqingoa.testcase.Test028_WinSidebar_DianqingPMSPortManagementSystem_Experience -->
